Using pre-set license
Built from '2020.3/china_unity/release' branch; Version is '2020.3.33f1c2 (8e753a737e7b) revision 9336122'; Using compiler version '192528614'; Build Type 'Release'
OS: 'Windows 10  (10.0.19043) 64bit Professional' Language: 'zh' Physical Memory: 16327 MB
BatchMode: 1, IsHumanControllingUs: 0, StartBugReporterOnCrash: 0, Is64bit: 1, IsPro: 0

COMMAND LINE ARGUMENTS:
D:\My World\UnityHub\Editor\2020.3.33f1c2\Editor\Unity.exe
-adb2
-batchMode
-noUpm
-name
AssetImportWorker0
-projectPath
F:/MyGitHub/Hello-World/FirstProject
-logFile
Logs/AssetImportWorker0.log
-srvPort
58380
Successfully changed project path to: F:/MyGitHub/Hello-World/FirstProject
F:/MyGitHub/Hello-World/FirstProject
Using Asset Import Pipeline V2.
AS: AutoStreaming module initializing.Refreshing native plugins compatible for Editor in 41.23 ms, found 2 plugins.
Preloading 0 native plugins for Editor in 0.00 ms.
Initialize engine version: 2020.3.33f1c2 (8e753a737e7b)
[Subsystems] Discovering subsystems at path D:/My World/UnityHub/Editor/2020.3.33f1c2/Editor/Data/Resources/UnitySubsystems
[Subsystems] Discovering subsystems at path F:/MyGitHub/Hello-World/FirstProject/Assets
GfxDevice: creating device client; threaded=0
Direct3D:
    Version:  Direct3D 11.0 [level 11.1]
    Renderer: NVIDIA GeForce GTX 1050 Ti (ID=0x1c82)
    Vendor:   
    VRAM:     4018 MB
    Driver:   30.0.15.1215
Initialize mono
Mono path[0] = 'D:/My World/UnityHub/Editor/2020.3.33f1c2/Editor/Data/Managed'
Mono path[1] = 'D:/My World/UnityHub/Editor/2020.3.33f1c2/Editor/Data/MonoBleedingEdge/lib/mono/unityjit'
Mono config path = 'D:/My World/UnityHub/Editor/2020.3.33f1c2/Editor/Data/MonoBleedingEdge/etc'
Using monoOptions --debugger-agent=transport=dt_socket,embedding=1,server=y,suspend=n,address=127.0.0.1:56260
Begin MonoManager ReloadAssembly
Registering precompiled unity dll's ...
Register platform support module: D:/My World/UnityHub/Editor/2020.3.33f1c2/Editor/Data/PlaybackEngines/WindowsStandaloneSupport/UnityEditor.WindowsStandalone.Extensions.dll
Registered in 0.001303 seconds.
Native extension for WindowsStandalone target not found
Refreshing native plugins compatible for Editor in 35.01 ms, found 2 plugins.
Preloading 0 native plugins for Editor in 0.00 ms.
Mono: successfully reloaded assembly
- Completed reload, in  0.759 seconds
Domain Reload Profiling:
	ReloadAssembly (759ms)
		BeginReloadAssembly (75ms)
			ExecutionOrderSort (0ms)
			DisableScriptedObjects (0ms)
			BackupInstance (0ms)
			ReleaseScriptingObjects (0ms)
			CreateAndSetChildDomain (1ms)
		EndReloadAssembly (585ms)
			LoadAssemblies (75ms)
			RebuildTransferFunctionScriptingTraits (0ms)
			SetupTypeCache (177ms)
			ReleaseScriptCaches (0ms)
			RebuildScriptCaches (32ms)
			SetupLoadedEditorAssemblies (220ms)
				LogAssemblyErrors (0ms)
				InitializePlatformSupportModulesInManaged (4ms)
				SetLoadedEditorAssemblies (0ms)
				RefreshPlugins (35ms)
				BeforeProcessingInitializeOnLoad (17ms)
				ProcessInitializeOnLoadAttributes (130ms)
				ProcessInitializeOnLoadMethodAttributes (34ms)
				AfterProcessingInitializeOnLoad (0ms)
				EditorAssembliesLoaded (0ms)
			ExecutionOrderSort2 (0ms)
			AwakeInstancesAfterBackupRestoration (0ms)
Platform modules already initialized, skipping
Registering precompiled user dll's ...
Registered in 0.003257 seconds.
Begin MonoManager ReloadAssembly
Symbol file LoadedFromMemory doesn't match image F:\MyGitHub\Hello-World\FirstProject\Library\PackageCache\com.unity.collab-proxy@1.15.15\Lib\Editor\PlasticSCM\unityplastic.dll
Native extension for WindowsStandalone target not found
Refreshing native plugins compatible for Editor in 0.31 ms, found 2 plugins.
Preloading 0 native plugins for Editor in 0.00 ms.
Mono: successfully reloaded assembly
- Completed reload, in  1.165 seconds
Domain Reload Profiling:
	ReloadAssembly (1166ms)
		BeginReloadAssembly (205ms)
			ExecutionOrderSort (0ms)
			DisableScriptedObjects (5ms)
			BackupInstance (0ms)
			ReleaseScriptingObjects (0ms)
			CreateAndSetChildDomain (21ms)
		EndReloadAssembly (902ms)
			LoadAssemblies (147ms)
			RebuildTransferFunctionScriptingTraits (0ms)
			SetupTypeCache (306ms)
			ReleaseScriptCaches (1ms)
			RebuildScriptCaches (49ms)
			SetupLoadedEditorAssemblies (341ms)
				LogAssemblyErrors (0ms)
				InitializePlatformSupportModulesInManaged (4ms)
				SetLoadedEditorAssemblies (0ms)
				RefreshPlugins (0ms)
				BeforeProcessingInitializeOnLoad (90ms)
				ProcessInitializeOnLoadAttributes (217ms)
				ProcessInitializeOnLoadMethodAttributes (24ms)
				AfterProcessingInitializeOnLoad (5ms)
				EditorAssembliesLoaded (0ms)
			ExecutionOrderSort2 (0ms)
			AwakeInstancesAfterBackupRestoration (8ms)
Platform modules already initialized, skipping
========================================================================
Worker process is ready to serve import requests
Launched and connected shader compiler UnityShaderCompiler.exe after 0.10 seconds
Refreshing native plugins compatible for Editor in 0.36 ms, found 2 plugins.
Preloading 0 native plugins for Editor in 0.00 ms.
Unloading 1508 Unused Serialized files (Serialized files now loaded: 0)
System memory in use before: 68.7 MB.
System memory in use after: 68.7 MB.

Unloading 16 unused Assets to reduce memory usage. Loaded Objects now: 1945.
Total: 2.946300 ms (FindLiveObjects: 0.157000 ms CreateObjectMapping: 0.073600 ms MarkObjects: 2.651100 ms  DeleteObjects: 0.063600 ms)

AssetImportParameters requested are different than current active one (requested -> active):
  requireTextureImportCompression: false -> true
  custom:framework-win-MediaFoundation: 216162199b28c13a410421893ffa2e32 -> 
  custom:video-decoder-ogg-theora: a1e56fd34408186e4bbccfd4996cb3dc -> 
  custom:container-muxer-webm: aa71ff27fc2769a1b78a27578f13a17b -> 
  custom:container-demuxer-webm: 4f35f7cbe854078d1ac9338744f61a02 -> 
  custom:container-demuxer-ogg: 62fdf1f143b41e24485cea50d1cbac27 -> 
  custom:video-encoder-webm-vp8: eb34c28f22e8b96e1ab97ce403110664 -> 
  custom:video-decoder-webm-vp8: 9c59270c3fd7afecdb556c50c9e8de78 -> 
  custom:audio-decoder-ogg-vorbis: bf7c407c2cedff20999df2af8eb42d56 -> 
  custom:audio-encoder-webm-vorbis: bf7c407c2cedff20999df2af8eb42d56 -> 
========================================================================
Received Import Request.
  path: Assets/FirstProject
  artifactKey: Guid(f6e485906cdcf96448196839254ed404) Importer(815301076,1909f56bfc062723c751e8b465ee728b)
Start importing Assets/FirstProject using Guid(f6e485906cdcf96448196839254ed404) Importer(815301076,1909f56bfc062723c751e8b465ee728b)  -> (artifact id: '6d3b9832a93d59330f0b40f962985291') in 0.005027 seconds 
========================================================================
Received Import Request.
  Time since last request: 2476.356572 seconds.
  path: Assets/FirstProject/Scenes/SampleScene.unity
  artifactKey: Guid(9fc0d4010bbf28b4594072e72b8655ab) Importer(815301076,1909f56bfc062723c751e8b465ee728b)
Start importing Assets/FirstProject/Scenes/SampleScene.unity using Guid(9fc0d4010bbf28b4594072e72b8655ab) Importer(815301076,1909f56bfc062723c751e8b465ee728b)  -> (artifact id: '94c55409359c0051422e58de30b0573d') in 0.006044 seconds 
========================================================================
Received Import Request.
  Time since last request: 6.140996 seconds.
  path: Assets/FirstProject/Scenes/Demo01.unity
  artifactKey: Guid(9fc0d4010bbf28b4594072e72b8655ab) Importer(815301076,1909f56bfc062723c751e8b465ee728b)
Start importing Assets/FirstProject/Scenes/Demo01.unity using Guid(9fc0d4010bbf28b4594072e72b8655ab) Importer(815301076,1909f56bfc062723c751e8b465ee728b)  -> (artifact id: 'ae3d7a74929631991982d7a49dd54725') in 0.003000 seconds 
========================================================================
Received Prepare
Registering precompiled user dll's ...
Registered in 0.005838 seconds.
Begin MonoManager ReloadAssembly
Symbol file LoadedFromMemory doesn't match image F:\MyGitHub\Hello-World\FirstProject\Library\PackageCache\com.unity.collab-proxy@1.15.15\Lib\Editor\PlasticSCM\unityplastic.dll
Native extension for WindowsStandalone target not found
Refreshing native plugins compatible for Editor in 2.23 ms, found 2 plugins.
Preloading 0 native plugins for Editor in 0.00 ms.
Mono: successfully reloaded assembly
- Completed reload, in  1.344 seconds
Domain Reload Profiling:
	ReloadAssembly (1353ms)
		BeginReloadAssembly (345ms)
			ExecutionOrderSort (0ms)
			DisableScriptedObjects (13ms)
			BackupInstance (0ms)
			ReleaseScriptingObjects (0ms)
			CreateAndSetChildDomain (98ms)
		EndReloadAssembly (904ms)
			LoadAssemblies (127ms)
			RebuildTransferFunctionScriptingTraits (22ms)
			SetupTypeCache (230ms)
			ReleaseScriptCaches (1ms)
			RebuildScriptCaches (35ms)
			SetupLoadedEditorAssemblies (394ms)
				LogAssemblyErrors (0ms)
				InitializePlatformSupportModulesInManaged (22ms)
				SetLoadedEditorAssemblies (9ms)
				RefreshPlugins (2ms)
				BeforeProcessingInitializeOnLoad (86ms)
				ProcessInitializeOnLoadAttributes (234ms)
				ProcessInitializeOnLoadMethodAttributes (23ms)
				AfterProcessingInitializeOnLoad (2ms)
				EditorAssembliesLoaded (15ms)
			ExecutionOrderSort2 (0ms)
			AwakeInstancesAfterBackupRestoration (14ms)
Platform modules already initialized, skipping
Refreshing native plugins compatible for Editor in 0.27 ms, found 2 plugins.
Preloading 0 native plugins for Editor in 0.00 ms.
Unloading 1502 Unused Serialized files (Serialized files now loaded: 0)
System memory in use before: 68.5 MB.
System memory in use after: 68.7 MB.

Unloading 11 unused Assets to reduce memory usage. Loaded Objects now: 1948.
Total: 73.475000 ms (FindLiveObjects: 0.119200 ms CreateObjectMapping: 0.036500 ms MarkObjects: 73.277900 ms  DeleteObjects: 0.040200 ms)

AssetImportParameters requested are different than current active one (requested -> active):
  requireTextureImportCompression: false -> true
  custom:framework-win-MediaFoundation: 216162199b28c13a410421893ffa2e32 -> 
  custom:video-decoder-ogg-theora: a1e56fd34408186e4bbccfd4996cb3dc -> 
  custom:container-muxer-webm: aa71ff27fc2769a1b78a27578f13a17b -> 
  custom:container-demuxer-webm: 4f35f7cbe854078d1ac9338744f61a02 -> 
  custom:container-demuxer-ogg: 62fdf1f143b41e24485cea50d1cbac27 -> 
  custom:video-encoder-webm-vp8: eb34c28f22e8b96e1ab97ce403110664 -> 
  custom:video-decoder-webm-vp8: 9c59270c3fd7afecdb556c50c9e8de78 -> 
  custom:audio-decoder-ogg-vorbis: bf7c407c2cedff20999df2af8eb42d56 -> 
  custom:audio-encoder-webm-vorbis: bf7c407c2cedff20999df2af8eb42d56 -> 
========================================================================
Received Import Request.
  Time since last request: 397.234654 seconds.
  path: Assets/Scripts
  artifactKey: Guid(b991152bf66041a4fbfdfd6787ae1a48) Importer(815301076,1909f56bfc062723c751e8b465ee728b)
Start importing Assets/Scripts using Guid(b991152bf66041a4fbfdfd6787ae1a48) Importer(815301076,1909f56bfc062723c751e8b465ee728b)  -> (artifact id: '4ed48d879c59ab23f0f1faac444a02d0') in 0.008747 seconds 
========================================================================
Received Import Request.
  Time since last request: 8.185052 seconds.
  path: Assets/FirstProject/Scripts 1
  artifactKey: Guid(15bfb6b1f023f2e41b9f0def89891c21) Importer(815301076,1909f56bfc062723c751e8b465ee728b)
Start importing Assets/FirstProject/Scripts 1 using Guid(15bfb6b1f023f2e41b9f0def89891c21) Importer(815301076,1909f56bfc062723c751e8b465ee728b)  -> (artifact id: 'ad253c2e4cc949bc5f73ddb84f9ca0fd') in 0.002820 seconds 
========================================================================
Received Import Request.
  Time since last request: 5.292063 seconds.
  path: Assets/FirstProject/Resources
  artifactKey: Guid(15bfb6b1f023f2e41b9f0def89891c21) Importer(815301076,1909f56bfc062723c751e8b465ee728b)
Start importing Assets/FirstProject/Resources using Guid(15bfb6b1f023f2e41b9f0def89891c21) Importer(815301076,1909f56bfc062723c751e8b465ee728b)  -> (artifact id: '5a70b20eab59e339b97d29b35d38211c') in 0.002602 seconds 
========================================================================
Received Import Request.
  Time since last request: 10.005209 seconds.
  path: Assets/FirstProject/Scripts 1
  artifactKey: Guid(257e7e0cd16d70540a0bf329d28b08e8) Importer(815301076,1909f56bfc062723c751e8b465ee728b)
Start importing Assets/FirstProject/Scripts 1 using Guid(257e7e0cd16d70540a0bf329d28b08e8) Importer(815301076,1909f56bfc062723c751e8b465ee728b)  -> (artifact id: '67e937e8a8e8654bb3e14cd06749f2ec') in 0.002238 seconds 
========================================================================
Received Import Request.
  Time since last request: 6.028660 seconds.
  path: Assets/FirstProject/UIPrefabs
  artifactKey: Guid(257e7e0cd16d70540a0bf329d28b08e8) Importer(815301076,1909f56bfc062723c751e8b465ee728b)
Start importing Assets/FirstProject/UIPrefabs using Guid(257e7e0cd16d70540a0bf329d28b08e8) Importer(815301076,1909f56bfc062723c751e8b465ee728b)  -> (artifact id: '44322f23a7a935b446945bd47b095c61') in 0.002610 seconds 
========================================================================
Received Import Request.
  Time since last request: 2.667173 seconds.
  path: Assets/FirstProject/UIPrefabs 1
  artifactKey: Guid(4ee65579c733c8e4b9c7c535570b48e6) Importer(815301076,1909f56bfc062723c751e8b465ee728b)
Start importing Assets/FirstProject/UIPrefabs 1 using Guid(4ee65579c733c8e4b9c7c535570b48e6) Importer(815301076,1909f56bfc062723c751e8b465ee728b)  -> (artifact id: '57dbfe8fffd7bb1f866bbac9701bd724') in 0.002843 seconds 
========================================================================
Received Import Request.
  Time since last request: 5.024333 seconds.
  path: Assets/FirstProject/Prefabs
  artifactKey: Guid(4ee65579c733c8e4b9c7c535570b48e6) Importer(815301076,1909f56bfc062723c751e8b465ee728b)
Start importing Assets/FirstProject/Prefabs using Guid(4ee65579c733c8e4b9c7c535570b48e6) Importer(815301076,1909f56bfc062723c751e8b465ee728b)  -> (artifact id: '31cc0135769811411b2c37db93fe20b7') in 0.002795 seconds 
AssetImportWorkerClient::OnTransportError - code=2 error=End of file
